[0.047s] Invoking command in '/home/aaron/Software/OpenMACE/build/device': /usr/bin/cmake /home/aaron/Software/OpenMACE/MATLAB/UMD_TaskGeneration/external/goxel-0.8.0/ext_src/cycles/src/device -DCMAKE_INSTALL_PREFIX=/home/aaron/Software/OpenMACE/install/device
[0.361s] -- The C compiler identification is GNU 7.5.0
[0.361s] -- The CXX compiler identification is GNU 7.5.0
[0.361s] -- Check for working C compiler: /usr/bin/cc
[0.361s] -- Check for working C compiler: /usr/bin/cc -- works
[0.361s] -- Detecting C compiler ABI info
[0.361s] -- Detecting C compiler ABI info - done
[0.361s] -- Detecting C compile features
[0.593s] -- Detecting C compile features - done
[0.599s] -- Check for working CXX compiler: /usr/bin/c++
[0.692s] -- Check for working CXX compiler: /usr/bin/c++ -- works
[0.692s] -- Detecting CXX compiler ABI info
[0.792s] -- Detecting CXX compiler ABI info - done
[0.803s] -- Detecting CXX compile features
[1.203s] -- Detecting CXX compile features - done
[1.204s] CMake Warning (dev) at CMakeLists.txt:21 (add_definitions):
[1.204s]   Policy CMP0005 is not set: Preprocessor definition values are now escaped
[1.204s]   automatically.  Run "cmake --help-policy CMP0005" for policy details.  Use
[1.204s]   the cmake_policy command to set the policy and suppress this warning.
[1.204s] This warning is for project developers.  Use -Wno-dev to suppress it.
[1.205s] 
[1.205s] CMake Error at CMakeLists.txt:80 (cycles_add_library):
[1.205s]   Unknown CMake command "cycles_add_library".
[1.205s] 
[1.205s] 
[1.205s] CMake Warning (dev) in CMakeLists.txt:
[1.205s]   No cmake_minimum_required command is present.  A line of code such as
[1.205s] 
[1.205s]     cmake_minimum_required(VERSION 3.10)
[1.205s] 
[1.206s]   should be added at the top of the file.  The version specified may be lower
[1.206s]   if you wish to support older CMake versions for this project.  For more
[1.206s]   information run "cmake --help-policy CMP0000".
[1.206s] This warning is for project developers.  Use -Wno-dev to suppress it.
[1.206s] 
[1.206s] -- Configuring incomplete, errors occurred!
[1.206s] See also "/home/aaron/Software/OpenMACE/build/device/CMakeFiles/CMakeOutput.log".
