running egg_info
creating /home/aaron/Software/OpenMACE/build/pymavlink/pymavlink.egg-info
writing /home/aaron/Software/OpenMACE/build/pymavlink/pymavlink.egg-info/PKG-INFO
writing dependency_links to /home/aaron/Software/OpenMACE/build/pymavlink/pymavlink.egg-info/dependency_links.txt
writing requirements to /home/aaron/Software/OpenMACE/build/pymavlink/pymavlink.egg-info/requires.txt
writing top-level names to /home/aaron/Software/OpenMACE/build/pymavlink/pymavlink.egg-info/top_level.txt
writing manifest file '/home/aaron/Software/OpenMACE/build/pymavlink/pymavlink.egg-info/SOURCES.txt'
reading manifest file '/home/aaron/Software/OpenMACE/build/pymavlink/pymavlink.egg-info/SOURCES.txt'
writing manifest file '/home/aaron/Software/OpenMACE/build/pymavlink/pymavlink.egg-info/SOURCES.txt'
running build
running build_py
Traceback (most recent call last):
  File "setup.py", line 158, in <module>
    ext_modules = extensions
  File "/usr/lib/python3/dist-packages/setuptools/__init__.py", line 129, in setup
    return distutils.core.setup(**attrs)
  File "/usr/lib/python3.6/distutils/core.py", line 148, in setup
    dist.run_commands()
  File "/usr/lib/python3.6/distutils/dist.py", line 955, in run_commands
    self.run_command(cmd)
  File "/usr/lib/python3.6/distutils/dist.py", line 974, in run_command
    cmd_obj.run()
  File "/usr/lib/python3.6/distutils/command/build.py", line 135, in run
    self.run_command(cmd_name)
  File "/usr/lib/python3.6/distutils/cmd.py", line 313, in run_command
    self.distribution.run_command(command)
  File "/usr/lib/python3.6/distutils/dist.py", line 974, in run_command
    cmd_obj.run()
  File "setup.py", line 93, in run
    generate_content()
  File "setup.py", line 21, in generate_content
    from generator import mavgen, mavparse
  File "/home/aaron/Software/OpenMACE/mavlink_cpp/mace_mavlink_generator/pymavlink-mace/generator/mavgen.py", line 12, in <module>
    from future import standard_library
ModuleNotFoundError: No module named 'future'
