[0.332s] Invoking command in '/home/aaron/Software/OpenMACE/mavlink_cpp/mace_mavlink_generator/pymavlink-mace': PYTHONPATH=/home/aaron/Software/OpenMACE/install/pymavlink/lib/python3.6/site-packages:${PYTHONPATH} /usr/bin/python3 setup.py egg_info --egg-base /home/aaron/Software/OpenMACE/build/pymavlink build --build-base /home/aaron/Software/OpenMACE/build/pymavlink/build install --prefix /home/aaron/Software/OpenMACE/install/pymavlink --record /home/aaron/Software/OpenMACE/build/pymavlink/install.log --single-version-externally-managed
[0.628s] running egg_info
[0.628s] creating /home/aaron/Software/OpenMACE/build/pymavlink/pymavlink.egg-info
[0.628s] writing /home/aaron/Software/OpenMACE/build/pymavlink/pymavlink.egg-info/PKG-INFO
[0.629s] writing dependency_links to /home/aaron/Software/OpenMACE/build/pymavlink/pymavlink.egg-info/dependency_links.txt
[0.629s] writing requirements to /home/aaron/Software/OpenMACE/build/pymavlink/pymavlink.egg-info/requires.txt
[0.629s] writing top-level names to /home/aaron/Software/OpenMACE/build/pymavlink/pymavlink.egg-info/top_level.txt
[0.629s] writing manifest file '/home/aaron/Software/OpenMACE/build/pymavlink/pymavlink.egg-info/SOURCES.txt'
[0.638s] reading manifest file '/home/aaron/Software/OpenMACE/build/pymavlink/pymavlink.egg-info/SOURCES.txt'
[0.639s] writing manifest file '/home/aaron/Software/OpenMACE/build/pymavlink/pymavlink.egg-info/SOURCES.txt'
[0.639s] running build
[0.639s] running build_py
[0.685s] Traceback (most recent call last):
[0.685s]   File "setup.py", line 158, in <module>
[0.685s]     ext_modules = extensions
[0.685s]   File "/usr/lib/python3/dist-packages/setuptools/__init__.py", line 129, in setup
[0.686s]     return distutils.core.setup(**attrs)
[0.686s]   File "/usr/lib/python3.6/distutils/core.py", line 148, in setup
[0.686s]     dist.run_commands()
[0.686s]   File "/usr/lib/python3.6/distutils/dist.py", line 955, in run_commands
[0.686s]     self.run_command(cmd)
[0.686s]   File "/usr/lib/python3.6/distutils/dist.py", line 974, in run_command
[0.686s]     cmd_obj.run()
[0.686s]   File "/usr/lib/python3.6/distutils/command/build.py", line 135, in run
[0.686s]     self.run_command(cmd_name)
[0.687s]   File "/usr/lib/python3.6/distutils/cmd.py", line 313, in run_command
[0.687s]     self.distribution.run_command(command)
[0.687s]   File "/usr/lib/python3.6/distutils/dist.py", line 974, in run_command
[0.687s]     cmd_obj.run()
[0.687s]   File "setup.py", line 93, in run
[0.687s]     generate_content()
[0.687s]   File "setup.py", line 21, in generate_content
[0.687s]     from generator import mavgen, mavparse
[0.687s]   File "/home/aaron/Software/OpenMACE/mavlink_cpp/mace_mavlink_generator/pymavlink-mace/generator/mavgen.py", line 12, in <module>
[0.688s]     from future import standard_library
[0.688s] ModuleNotFoundError: No module named 'future'
[0.725s] Invoked command in '/home/aaron/Software/OpenMACE/mavlink_cpp/mace_mavlink_generator/pymavlink-mace' returned '1': PYTHONPATH=/home/aaron/Software/OpenMACE/install/pymavlink/lib/python3.6/site-packages:${PYTHONPATH} /usr/bin/python3 setup.py egg_info --egg-base /home/aaron/Software/OpenMACE/build/pymavlink build --build-base /home/aaron/Software/OpenMACE/build/pymavlink/build install --prefix /home/aaron/Software/OpenMACE/install/pymavlink --record /home/aaron/Software/OpenMACE/build/pymavlink/install.log --single-version-externally-managed
