[0.040s] Invoking command in '/home/aaron/Software/OpenMACE/build/kernel': /usr/bin/cmake /home/aaron/Software/OpenMACE/MATLAB/UMD_TaskGeneration/external/goxel-0.8.0/ext_src/cycles/src/kernel -DCMAKE_INSTALL_PREFIX=/home/aaron/Software/OpenMACE/install/kernel
[0.350s] -- The C compiler identification is GNU 7.5.0
[0.350s] -- The CXX compiler identification is GNU 7.5.0
[0.351s] -- Check for working C compiler: /usr/bin/cc
[0.351s] -- Check for working C compiler: /usr/bin/cc -- works
[0.351s] -- Detecting C compiler ABI info
[0.351s] -- Detecting C compiler ABI info - done
[0.354s] -- Detecting C compile features
[0.597s] -- Detecting C compile features - done
[0.602s] -- Check for working CXX compiler: /usr/bin/c++
[0.697s] -- Check for working CXX compiler: /usr/bin/c++ -- works
[0.698s] -- Detecting CXX compiler ABI info
[0.787s] -- Detecting CXX compiler ABI info - done
[0.797s] -- Detecting CXX compile features
[1.183s] -- Detecting CXX compile features - done
[1.184s] CMake Error at CMakeLists.txt:1 (remove_extra_strict_flags):
[1.184s]   Unknown CMake command "remove_extra_strict_flags".
[1.184s] 
[1.184s] 
[1.184s] CMake Warning (dev) in CMakeLists.txt:
[1.185s]   No cmake_minimum_required command is present.  A line of code such as
[1.185s] 
[1.185s]     cmake_minimum_required(VERSION 3.10)
[1.185s] 
[1.185s]   should be added at the top of the file.  The version specified may be lower
[1.185s]   if you wish to support older CMake versions for this project.  For more
[1.185s]   information run "cmake --help-policy CMP0000".
[1.185s] This warning is for project developers.  Use -Wno-dev to suppress it.
[1.185s] 
[1.185s] -- Configuring incomplete, errors occurred!
[1.186s] See also "/home/aaron/Software/OpenMACE/build/kernel/CMakeFiles/CMakeOutput.log".
