[0.331s] Invoking command in '/home/aaron/Software/OpenMACE/build/src': /usr/bin/cmake /home/aaron/Software/OpenMACE/catkin_sim_environment/src -DCMAKE_INSTALL_PREFIX=/home/aaron/Software/OpenMACE/install/src
[0.407s] -- The C compiler identification is GNU 7.5.0
[0.480s] -- The CXX compiler identification is GNU 7.5.0
[0.484s] -- Check for working C compiler: /usr/bin/cc
[0.571s] -- Check for working C compiler: /usr/bin/cc -- works
[0.576s] -- Detecting C compiler ABI info
[0.655s] -- Detecting C compiler ABI info - done
[0.664s] -- Detecting C compile features
[0.915s] -- Detecting C compile features - done
[0.919s] -- Check for working CXX compiler: /usr/bin/c++
[1.011s] -- Check for working CXX compiler: /usr/bin/c++ -- works
[1.011s] -- Detecting CXX compiler ABI info
[1.107s] -- Detecting CXX compiler ABI info - done
[1.119s] -- Detecting CXX compile features
[1.431s] -- Detecting CXX compile features - done
[1.624s] CMake Error at CMakeLists.txt:59 (message):
[1.624s]   find_package(catkin) failed.  catkin was neither found in the workspace nor
[1.624s]   in the CMAKE_PREFIX_PATH.  One reason may be that no ROS setup.sh was
[1.624s]   sourced before.
[1.624s] 
[1.624s] 
[1.624s] -- Configuring incomplete, errors occurred!
[1.624s] See also "/home/aaron/Software/OpenMACE/build/src/CMakeFiles/CMakeOutput.log".
