[0.045s] Invoking command in '/home/aaron/Software/OpenMACE/build/Eigen': /usr/bin/cmake /home/aaron/Software/OpenMACE/Eigen/include/eigen3/Eigen -DCMAKE_INSTALL_PREFIX=/home/aaron/Software/OpenMACE/install/Eigen
[0.366s] -- The C compiler identification is GNU 7.5.0
[0.366s] -- The CXX compiler identification is GNU 7.5.0
[0.366s] -- Check for working C compiler: /usr/bin/cc
[0.366s] -- Check for working C compiler: /usr/bin/cc -- works
[0.367s] -- Detecting C compiler ABI info
[0.367s] -- Detecting C compiler ABI info - done
[0.367s] -- Detecting C compile features
[0.588s] -- Detecting C compile features - done
[0.594s] -- Check for working CXX compiler: /usr/bin/c++
[0.696s] -- Check for working CXX compiler: /usr/bin/c++ -- works
[0.696s] -- Detecting CXX compiler ABI info
[0.791s] -- Detecting CXX compiler ABI info - done
[0.803s] -- Detecting CXX compile features
[1.188s] -- Detecting CXX compile features - done
[1.189s] CMake Error at CMakeLists.txt:1 (include):
[1.189s]   include could not find load file:
[1.189s] 
[1.189s]     RegexUtils
[1.189s] 
[1.189s] 
[1.190s] CMake Error at CMakeLists.txt:2 (test_escape_string_as_regex):
[1.190s]   Unknown CMake command "test_escape_string_as_regex".
[1.190s] 
[1.190s] 
[1.190s] CMake Warning (dev) in CMakeLists.txt:
[1.190s]   No cmake_minimum_required command is present.  A line of code such as
[1.190s] 
[1.190s]     cmake_minimum_required(VERSION 3.10)
[1.190s] 
[1.190s]   should be added at the top of the file.  The version specified may be lower
[1.190s]   if you wish to support older CMake versions for this project.  For more
[1.191s]   information run "cmake --help-policy CMP0000".
[1.191s] This warning is for project developers.  Use -Wno-dev to suppress it.
[1.191s] 
[1.191s] -- Configuring incomplete, errors occurred!
[1.191s] See also "/home/aaron/Software/OpenMACE/build/Eigen/CMakeFiles/CMakeOutput.log".
